This file contains any messages produced by compilers while
running configure, to aid debugging if configure makes a mistake.

It was created by ua.cpp configure 0.96d, which was
generated by GNU Autoconf 2.59.  Invocation command line was

  $ ./configure 

## --------- ##
## Platform. ##
## --------- ##

hostname = mini2.lan
uname -m = i386
uname -r = 10.4.0
uname -s = Darwin
uname -v = Darwin Kernel Version 10.4.0: Fri Apr 23 18:28:53 PDT 2010; root:xnu-1504.7.4~1/RELEASE_I386

/usr/bin/uname -p = i386
/bin/uname -X     = unknown

/bin/arch              = unknown
/usr/bin/arch -k       = unknown
/usr/convex/getsysinfo = unknown
hostinfo               = Mach kernel version:
	 Darwin Kernel Version 10.4.0: Fri Apr 23 18:28:53 PDT 2010; root:xnu-1504.7.4~1/RELEASE_I386
Kernel configured for up to 2 processors.
2 processors are physically available.
2 processors are logically available.
Processor type: i486 (Intel 80486)
Processors active: 0 1
Primary memory available: 2.00 gigabytes
Default processor set: 99 tasks, 445 threads, 2 processors
Load average: 0.89, Mach factor: 1.18
/bin/machine           = unknown
/usr/bin/oslevel       = unknown
/bin/universe          = unknown

PATH: /home/rjp/bin
PATH: /opt/local/bin
PATH: /opt/local/sbin
PATH: /opt/local/bin
PATH: /opt/local/sbin
PATH: /usr/bin
PATH: /bin
PATH: /usr/sbin
PATH: /sbin
PATH: /usr/local/bin
PATH: /usr/X11/bin
PATH: /usr/local/bin
PATH: /usr/local/sbin


## ----------- ##
## Core tests. ##
## ----------- ##

configure:1324: checking whether make sets $(MAKE)
configure:1344: result: yes
configure:1405: checking for g++
configure:1421: found /usr/bin/g++
configure:1431: result: g++
configure:1447: checking for C++ compiler version
configure:1450: g++ --version </dev/null >&5
i686-apple-darwin10-g++-4.2.1 (GCC) 4.2.1 (Apple Inc. build 5659)
Copyright (C) 2007 Free Software Foundation, Inc.
This is free software; see the source for copying conditions.  There is NO
warranty; not even for MERCHANTABILITY or FITNESS FOR A PARTICULAR PURPOSE.

configure:1453: $? = 0
configure:1455: g++ -v </dev/null >&5
Using built-in specs.
Target: i686-apple-darwin10
Configured with: /var/tmp/gcc/gcc-5659~1/src/configure --disable-checking --enable-werror --prefix=/usr --mandir=/share/man --enable-languages=c,objc,c++,obj-c++ --program-transform-name=/^[cg][^.-]*$/s/$/-4.2/ --with-slibdir=/usr/lib --build=i686-apple-darwin10 --program-prefix=i686-apple-darwin10- --host=x86_64-apple-darwin10 --target=i686-apple-darwin10 --with-gxx-include-dir=/include/c++/4.2.1
Thread model: posix
gcc version 4.2.1 (Apple Inc. build 5659)
configure:1458: $? = 0
configure:1460: g++ -V </dev/null >&5
g++-4.2: argument to `-V' is missing
configure:1463: $? = 1
configure:1486: checking for C++ compiler default output file name
configure:1489: g++    conftest.cc  >&5
configure:1492: $? = 0
configure:1538: result: a.out
configure:1543: checking whether the C++ compiler works
configure:1549: ./a.out
configure:1552: $? = 0
configure:1569: result: yes
configure:1576: checking whether we are cross compiling
configure:1578: result: no
configure:1581: checking for suffix of executables
configure:1583: g++ -o conftest    conftest.cc  >&5
configure:1586: $? = 0
configure:1611: result: 
configure:1617: checking for suffix of object files
configure:1638: g++ -c   conftest.cc >&5
configure:1641: $? = 0
configure:1663: result: o
configure:1667: checking whether we are using the GNU C++ compiler
configure:1691: g++ -c   conftest.cc >&5
configure:1697: $? = 0
configure:1700: test -z 			 || test ! -s conftest.err
configure:1703: $? = 0
configure:1706: test -s conftest.o
configure:1709: $? = 0
configure:1722: result: yes
configure:1728: checking whether g++ accepts -g
configure:1749: g++ -c -g  conftest.cc >&5
configure:1755: $? = 0
configure:1758: test -z 			 || test ! -s conftest.err
configure:1761: $? = 0
configure:1764: test -s conftest.o
configure:1767: $? = 0
configure:1778: result: yes
configure:1820: g++ -c -g -O2  conftest.cc >&5
configure:1826: $? = 0
configure:1829: test -z 			 || test ! -s conftest.err
configure:1832: $? = 0
configure:1835: test -s conftest.o
configure:1838: $? = 0
configure:1864: g++ -c -g -O2  conftest.cc >&5
conftest.cc: In function 'int main()':
conftest.cc:13: error: 'exit' was not declared in this scope
configure:1870: $? = 1
configure: failed program was:
| /* confdefs.h.  */
| 
| #define PACKAGE_NAME "ua.cpp"
| #define PACKAGE_TARNAME "ua-cpp"
| #define PACKAGE_VERSION "0.96d"
| #define PACKAGE_STRING "ua.cpp 0.96d"
| #define PACKAGE_BUGREPORT ""
| /* end confdefs.h.  */
| 
| int
| main ()
| {
| exit (42);
|   ;
|   return 0;
| }
configure:1820: g++ -c -g -O2  conftest.cc >&5
conftest.cc:9: error: 'void std::exit(int)' should have been declared inside 'std'
In file included from conftest.cc:10:
/usr/include/stdlib.h:159: error: declaration of 'void std::exit(int)' throws different exceptions
conftest.cc:9: error: from previous declaration 'void std::exit(int) throw ()'
configure:1826: $? = 1
configure: failed program was:
| /* confdefs.h.  */
| 
| #define PACKAGE_NAME "ua.cpp"
| #define PACKAGE_TARNAME "ua-cpp"
| #define PACKAGE_VERSION "0.96d"
| #define PACKAGE_STRING "ua.cpp 0.96d"
| #define PACKAGE_BUGREPORT ""
| /* end confdefs.h.  */
| extern "C" void std::exit (int) throw (); using std::exit;
| #include <stdlib.h>
| int
| main ()
| {
| exit (42);
|   ;
|   return 0;
| }
configure:1820: g++ -c -g -O2  conftest.cc >&5
conftest.cc:9: error: 'void std::exit(int)' should have been declared inside 'std'
configure:1826: $? = 1
configure: failed program was:
| /* confdefs.h.  */
| 
| #define PACKAGE_NAME "ua.cpp"
| #define PACKAGE_TARNAME "ua-cpp"
| #define PACKAGE_VERSION "0.96d"
| #define PACKAGE_STRING "ua.cpp 0.96d"
| #define PACKAGE_BUGREPORT ""
| /* end confdefs.h.  */
| extern "C" void std::exit (int); using std::exit;
| #include <stdlib.h>
| int
| main ()
| {
| exit (42);
|   ;
|   return 0;
| }
configure:1820: g++ -c -g -O2  conftest.cc >&5
In file included from conftest.cc:10:
/usr/include/stdlib.h:159: error: declaration of 'void exit(int)' throws different exceptions
conftest.cc:9: error: from previous declaration 'void exit(int) throw ()'
configure:1826: $? = 1
configure: failed program was:
| /* confdefs.h.  */
| 
| #define PACKAGE_NAME "ua.cpp"
| #define PACKAGE_TARNAME "ua-cpp"
| #define PACKAGE_VERSION "0.96d"
| #define PACKAGE_STRING "ua.cpp 0.96d"
| #define PACKAGE_BUGREPORT ""
| /* end confdefs.h.  */
| extern "C" void exit (int) throw ();
| #include <stdlib.h>
| int
| main ()
| {
| exit (42);
|   ;
|   return 0;
| }
configure:1820: g++ -c -g -O2  conftest.cc >&5
configure:1826: $? = 0
configure:1829: test -z 			 || test ! -s conftest.err
configure:1832: $? = 0
configure:1835: test -s conftest.o
configure:1838: $? = 0
configure:1864: g++ -c -g -O2  conftest.cc >&5
configure:1870: $? = 0
configure:1873: test -z 			 || test ! -s conftest.err
configure:1876: $? = 0
configure:1879: test -s conftest.o
configure:1882: $? = 0
configure:1973: checking for gcc
configure:1989: found /usr/bin/gcc
configure:1999: result: gcc
configure:2243: checking for C compiler version
configure:2246: gcc --version </dev/null >&5
i686-apple-darwin10-gcc-4.2.1 (GCC) 4.2.1 (Apple Inc. build 5659)
Copyright (C) 2007 Free Software Foundation, Inc.
This is free software; see the source for copying conditions.  There is NO
warranty; not even for MERCHANTABILITY or FITNESS FOR A PARTICULAR PURPOSE.

configure:2249: $? = 0
configure:2251: gcc -v </dev/null >&5
Using built-in specs.
Target: i686-apple-darwin10
Configured with: /var/tmp/gcc/gcc-5659~1/src/configure --disable-checking --enable-werror --prefix=/usr --mandir=/share/man --enable-languages=c,objc,c++,obj-c++ --program-transform-name=/^[cg][^.-]*$/s/$/-4.2/ --with-slibdir=/usr/lib --build=i686-apple-darwin10 --program-prefix=i686-apple-darwin10- --host=x86_64-apple-darwin10 --target=i686-apple-darwin10 --with-gxx-include-dir=/include/c++/4.2.1
Thread model: posix
gcc version 4.2.1 (Apple Inc. build 5659)
configure:2254: $? = 0
configure:2256: gcc -V </dev/null >&5
gcc-4.2: argument to `-V' is missing
configure:2259: $? = 1
configure:2262: checking whether we are using the GNU C compiler
configure:2286: gcc -c   conftest.c >&5
configure:2292: $? = 0
configure:2295: test -z 			 || test ! -s conftest.err
configure:2298: $? = 0
configure:2301: test -s conftest.o
configure:2304: $? = 0
configure:2317: result: yes
configure:2323: checking whether gcc accepts -g
configure:2344: gcc -c -g  conftest.c >&5
configure:2350: $? = 0
configure:2353: test -z 			 || test ! -s conftest.err
configure:2356: $? = 0
configure:2359: test -s conftest.o
configure:2362: $? = 0
configure:2373: result: yes
configure:2390: checking for gcc option to accept ANSI C
configure:2460: gcc  -c -g -O2  conftest.c >&5
configure:2466: $? = 0
configure:2469: test -z 			 || test ! -s conftest.err
configure:2472: $? = 0
configure:2475: test -s conftest.o
configure:2478: $? = 0
configure:2496: result: none needed
configure:2514: gcc -c -g -O2  conftest.c >&5
conftest.c:2: error: expected '=', ',', ';', 'asm' or '__attribute__' before 'me'
configure:2520: $? = 1
configure: failed program was:
| #ifndef __cplusplus
|   choke me
| #endif
configure:2656: checking how to run the C preprocessor
configure:2691: gcc -E  conftest.c
configure:2697: $? = 0
configure:2729: gcc -E  conftest.c
conftest.c:12:28: error: ac_nonexistent.h: No such file or directory
configure:2735: $? = 1
configure: failed program was:
| /* confdefs.h.  */
| 
| #define PACKAGE_NAME "ua.cpp"
| #define PACKAGE_TARNAME "ua-cpp"
| #define PACKAGE_VERSION "0.96d"
| #define PACKAGE_STRING "ua.cpp 0.96d"
| #define PACKAGE_BUGREPORT ""
| #ifdef __cplusplus
| extern "C" void exit (int);
| #endif
| /* end confdefs.h.  */
| #include <ac_nonexistent.h>
configure:2774: result: gcc -E
configure:2798: gcc -E  conftest.c
configure:2804: $? = 0
configure:2836: gcc -E  conftest.c
conftest.c:12:28: error: ac_nonexistent.h: No such file or directory
configure:2842: $? = 1
configure: failed program was:
| /* confdefs.h.  */
| 
| #define PACKAGE_NAME "ua.cpp"
| #define PACKAGE_TARNAME "ua-cpp"
| #define PACKAGE_VERSION "0.96d"
| #define PACKAGE_STRING "ua.cpp 0.96d"
| #define PACKAGE_BUGREPORT ""
| #ifdef __cplusplus
| extern "C" void exit (int);
| #endif
| /* end confdefs.h.  */
| #include <ac_nonexistent.h>
configure:2886: checking for egrep
configure:2896: result: grep -E
configure:2901: checking for ANSI C header files
configure:2926: gcc -c -g -O2  conftest.c >&5
configure:2932: $? = 0
configure:2935: test -z 			 || test ! -s conftest.err
configure:2938: $? = 0
configure:2941: test -s conftest.o
configure:2944: $? = 0
configure:3033: gcc -o conftest -g -O2   conftest.c  >&5
conftest.c: In function 'main':
conftest.c:29: warning: incompatible implicit declaration of built-in function 'exit'
configure:3036: $? = 0
configure:3038: ./conftest
configure:3041: $? = 0
configure:3056: result: yes
configure:3080: checking for sys/types.h
configure:3096: gcc -c -g -O2  conftest.c >&5
configure:3102: $? = 0
configure:3105: test -z 			 || test ! -s conftest.err
configure:3108: $? = 0
configure:3111: test -s conftest.o
configure:3114: $? = 0
configure:3125: result: yes
configure:3080: checking for sys/stat.h
configure:3096: gcc -c -g -O2  conftest.c >&5
configure:3102: $? = 0
configure:3105: test -z 			 || test ! -s conftest.err
configure:3108: $? = 0
configure:3111: test -s conftest.o
configure:3114: $? = 0
configure:3125: result: yes
configure:3080: checking for stdlib.h
configure:3096: gcc -c -g -O2  conftest.c >&5
configure:3102: $? = 0
configure:3105: test -z 			 || test ! -s conftest.err
configure:3108: $? = 0
configure:3111: test -s conftest.o
configure:3114: $? = 0
configure:3125: result: yes
configure:3080: checking for string.h
configure:3096: gcc -c -g -O2  conftest.c >&5
configure:3102: $? = 0
configure:3105: test -z 			 || test ! -s conftest.err
configure:3108: $? = 0
configure:3111: test -s conftest.o
configure:3114: $? = 0
configure:3125: result: yes
configure:3080: checking for memory.h
configure:3096: gcc -c -g -O2  conftest.c >&5
configure:3102: $? = 0
configure:3105: test -z 			 || test ! -s conftest.err
configure:3108: $? = 0
configure:3111: test -s conftest.o
configure:3114: $? = 0
configure:3125: result: yes
configure:3080: checking for strings.h
configure:3096: gcc -c -g -O2  conftest.c >&5
configure:3102: $? = 0
configure:3105: test -z 			 || test ! -s conftest.err
configure:3108: $? = 0
configure:3111: test -s conftest.o
configure:3114: $? = 0
configure:3125: result: yes
configure:3080: checking for inttypes.h
configure:3096: gcc -c -g -O2  conftest.c >&5
configure:3102: $? = 0
configure:3105: test -z 			 || test ! -s conftest.err
configure:3108: $? = 0
configure:3111: test -s conftest.o
configure:3114: $? = 0
configure:3125: result: yes
configure:3080: checking for stdint.h
configure:3096: gcc -c -g -O2  conftest.c >&5
configure:3102: $? = 0
configure:3105: test -z 			 || test ! -s conftest.err
configure:3108: $? = 0
configure:3111: test -s conftest.o
configure:3114: $? = 0
configure:3125: result: yes
configure:3080: checking for unistd.h
configure:3096: gcc -c -g -O2  conftest.c >&5
configure:3102: $? = 0
configure:3105: test -z 			 || test ! -s conftest.err
configure:3108: $? = 0
configure:3111: test -s conftest.o
configure:3114: $? = 0
configure:3125: result: yes
configure:3156: checking curses.h usability
configure:3168: gcc -c -g -O2  conftest.c >&5
configure:3174: $? = 0
configure:3177: test -z 			 || test ! -s conftest.err
configure:3180: $? = 0
configure:3183: test -s conftest.o
configure:3186: $? = 0
configure:3196: result: yes
configure:3200: checking curses.h presence
configure:3210: gcc -E  conftest.c
configure:3216: $? = 0
configure:3236: result: yes
configure:3271: checking for curses.h
configure:3278: result: yes
configure:3292: checking whether time.h and sys/time.h may both be included
configure:3317: gcc -c -g -O2  conftest.c >&5
configure:3323: $? = 0
configure:3326: test -z 			 || test ! -s conftest.err
configure:3329: $? = 0
configure:3332: test -s conftest.o
configure:3335: $? = 0
configure:3346: result: yes
configure:3370: checking sys/time.h usability
configure:3382: gcc -c -g -O2  conftest.c >&5
configure:3388: $? = 0
configure:3391: test -z 			 || test ! -s conftest.err
configure:3394: $? = 0
configure:3397: test -s conftest.o
configure:3400: $? = 0
configure:3410: result: yes
configure:3414: checking sys/time.h presence
configure:3424: gcc -E  conftest.c
configure:3430: $? = 0
configure:3450: result: yes
configure:3485: checking for sys/time.h
configure:3492: result: yes
configure:3752: checking whether socklen_t is declared
configure:3776: gcc -c -g -O2  conftest.c >&5
conftest.c: In function 'main':
conftest.c:63: error: 'socklen_t' undeclared (first use in this function)
conftest.c:63: error: (Each undeclared identifier is reported only once
conftest.c:63: error: for each function it appears in.)
configure:3782: $? = 1
configure: failed program was:
| /* confdefs.h.  */
| 
| #define PACKAGE_NAME "ua.cpp"
| #define PACKAGE_TARNAME "ua-cpp"
| #define PACKAGE_VERSION "0.96d"
| #define PACKAGE_STRING "ua.cpp 0.96d"
| #define PACKAGE_BUGREPORT ""
| #ifdef __cplusplus
| extern "C" void exit (int);
| #endif
| #define STDC_HEADERS 1
| #define HAVE_SYS_TYPES_H 1
| #define HAVE_SYS_STAT_H 1
| #define HAVE_STDLIB_H 1
| #define HAVE_STRING_H 1
| #define HAVE_MEMORY_H 1
| #define HAVE_STRINGS_H 1
| #define HAVE_INTTYPES_H 1
| #define HAVE_STDINT_H 1
| #define HAVE_UNISTD_H 1
| #define HAVE_CURSES_H 1
| #define TIME_WITH_SYS_TIME 1
| #define HAVE_SYS_TIME_H 1
| /* end confdefs.h.  */
| #include <stdio.h>
| #if HAVE_SYS_TYPES_H
| # include <sys/types.h>
| #endif
| #if HAVE_SYS_STAT_H
| # include <sys/stat.h>
| #endif
| #if STDC_HEADERS
| # include <stdlib.h>
| # include <stddef.h>
| #else
| # if HAVE_STDLIB_H
| #  include <stdlib.h>
| # endif
| #endif
| #if HAVE_STRING_H
| # if !STDC_HEADERS && HAVE_MEMORY_H
| #  include <memory.h>
| # endif
| # include <string.h>
| #endif
| #if HAVE_STRINGS_H
| # include <strings.h>
| #endif
| #if HAVE_INTTYPES_H
| # include <inttypes.h>
| #else
| # if HAVE_STDINT_H
| #  include <stdint.h>
| # endif
| #endif
| #if HAVE_UNISTD_H
| # include <unistd.h>
| #endif
| int
| main ()
| {
| #ifndef socklen_t
|   char *p = (char *) socklen_t;
| #endif
| 
|   ;
|   return 0;
| }
configure:3805: result: no
configure:3809: checking for getutent
configure:3866: gcc -o conftest -g -O2   conftest.c  >&5
Undefined symbols:
  "_getutent", referenced from:
      _main in ccJ7Hu2N.o
      _f in ccJ7Hu2N.o
ld: symbol(s) not found
collect2: ld returned 1 exit status
configure:3872: $? = 1
configure: failed program was:
| /* confdefs.h.  */
| 
| #define PACKAGE_NAME "ua.cpp"
| #define PACKAGE_TARNAME "ua-cpp"
| #define PACKAGE_VERSION "0.96d"
| #define PACKAGE_STRING "ua.cpp 0.96d"
| #define PACKAGE_BUGREPORT ""
| #ifdef __cplusplus
| extern "C" void exit (int);
| #endif
| #define STDC_HEADERS 1
| #define HAVE_SYS_TYPES_H 1
| #define HAVE_SYS_STAT_H 1
| #define HAVE_STDLIB_H 1
| #define HAVE_STRING_H 1
| #define HAVE_MEMORY_H 1
| #define HAVE_STRINGS_H 1
| #define HAVE_INTTYPES_H 1
| #define HAVE_STDINT_H 1
| #define HAVE_UNISTD_H 1
| #define HAVE_CURSES_H 1
| #define TIME_WITH_SYS_TIME 1
| #define HAVE_SYS_TIME_H 1
| /* end confdefs.h.  */
| /* Define getutent to an innocuous variant, in case <limits.h> declares getutent.
|    For example, HP-UX 11i <limits.h> declares gettimeofday.  */
| #define getutent innocuous_getutent
| 
| /* System header to define __stub macros and hopefully few prototypes,
|     which can conflict with char getutent (); below.
|     Prefer <limits.h> to <assert.h> if __STDC__ is defined, since
|     <limits.h> exists even on freestanding compilers.  */
| 
| #ifdef __STDC__
| # include <limits.h>
| #else
| # include <assert.h>
| #endif
| 
| #undef getutent
| 
| /* Override any gcc2 internal prototype to avoid an error.  */
| #ifdef __cplusplus
| extern "C"
| {
| #endif
| /* We use char because int might match the return type of a gcc2
|    builtin and then its argument prototype would still apply.  */
| char getutent ();
| /* The GNU C library defines this for functions which it implements
|     to always fail with ENOSYS.  Some functions are actually named
|     something starting with __ and the normal name is an alias.  */
| #if defined (__stub_getutent) || defined (__stub___getutent)
| choke me
| #else
| char (*f) () = getutent;
| #endif
| #ifdef __cplusplus
| }
| #endif
| 
| int
| main ()
| {
| return f != getutent;
|   ;
|   return 0;
| }
configure:3896: result: no
configure:3899: checking for stricmp
configure:3956: gcc -o conftest -g -O2   conftest.c  >&5
Undefined symbols:
  "_stricmp", referenced from:
      _main in cc61U7I9.o
      _f in cc61U7I9.o
ld: symbol(s) not found
collect2: ld returned 1 exit status
configure:3962: $? = 1
configure: failed program was:
| /* confdefs.h.  */
| 
| #define PACKAGE_NAME "ua.cpp"
| #define PACKAGE_TARNAME "ua-cpp"
| #define PACKAGE_VERSION "0.96d"
| #define PACKAGE_STRING "ua.cpp 0.96d"
| #define PACKAGE_BUGREPORT ""
| #ifdef __cplusplus
| extern "C" void exit (int);
| #endif
| #define STDC_HEADERS 1
| #define HAVE_SYS_TYPES_H 1
| #define HAVE_SYS_STAT_H 1
| #define HAVE_STDLIB_H 1
| #define HAVE_STRING_H 1
| #define HAVE_MEMORY_H 1
| #define HAVE_STRINGS_H 1
| #define HAVE_INTTYPES_H 1
| #define HAVE_STDINT_H 1
| #define HAVE_UNISTD_H 1
| #define HAVE_CURSES_H 1
| #define TIME_WITH_SYS_TIME 1
| #define HAVE_SYS_TIME_H 1
| /* end confdefs.h.  */
| /* Define stricmp to an innocuous variant, in case <limits.h> declares stricmp.
|    For example, HP-UX 11i <limits.h> declares gettimeofday.  */
| #define stricmp innocuous_stricmp
| 
| /* System header to define __stub macros and hopefully few prototypes,
|     which can conflict with char stricmp (); below.
|     Prefer <limits.h> to <assert.h> if __STDC__ is defined, since
|     <limits.h> exists even on freestanding compilers.  */
| 
| #ifdef __STDC__
| # include <limits.h>
| #else
| # include <assert.h>
| #endif
| 
| #undef stricmp
| 
| /* Override any gcc2 internal prototype to avoid an error.  */
| #ifdef __cplusplus
| extern "C"
| {
| #endif
| /* We use char because int might match the return type of a gcc2
|    builtin and then its argument prototype would still apply.  */
| char stricmp ();
| /* The GNU C library defines this for functions which it implements
|     to always fail with ENOSYS.  Some functions are actually named
|     something starting with __ and the normal name is an alias.  */
| #if defined (__stub_stricmp) || defined (__stub___stricmp)
| choke me
| #else
| char (*f) () = stricmp;
| #endif
| #ifdef __cplusplus
| }
| #endif
| 
| int
| main ()
| {
| return f != stricmp;
|   ;
|   return 0;
| }
configure:3986: result: no
configure:3989: checking for nanosleep
configure:4046: gcc -o conftest -g -O2   conftest.c  >&5
configure:4052: $? = 0
configure:4055: test -z 			 || test ! -s conftest.err
configure:4058: $? = 0
configure:4061: test -s conftest
configure:4064: $? = 0
configure:4076: result: yes
configure:4081: checking for initscr in -lncurses
configure:4111: gcc -o conftest -g -O2   conftest.c -lncurses   >&5
configure:4117: $? = 0
configure:4120: test -z 			 || test ! -s conftest.err
configure:4123: $? = 0
configure:4126: test -s conftest
configure:4129: $? = 0
configure:4142: result: yes
configure:4154: checking for initscr in -lncursesw
configure:4184: gcc -o conftest -g -O2   conftest.c -lncursesw  -lncurses  >&5
ld: library not found for -lncursesw
collect2: ld returned 1 exit status
configure:4190: $? = 1
configure: failed program was:
| /* confdefs.h.  */
| 
| #define PACKAGE_NAME "ua.cpp"
| #define PACKAGE_TARNAME "ua-cpp"
| #define PACKAGE_VERSION "0.96d"
| #define PACKAGE_STRING "ua.cpp 0.96d"
| #define PACKAGE_BUGREPORT ""
| #ifdef __cplusplus
| extern "C" void exit (int);
| #endif
| #define STDC_HEADERS 1
| #define HAVE_SYS_TYPES_H 1
| #define HAVE_SYS_STAT_H 1
| #define HAVE_STDLIB_H 1
| #define HAVE_STRING_H 1
| #define HAVE_MEMORY_H 1
| #define HAVE_STRINGS_H 1
| #define HAVE_INTTYPES_H 1
| #define HAVE_STDINT_H 1
| #define HAVE_UNISTD_H 1
| #define HAVE_CURSES_H 1
| #define TIME_WITH_SYS_TIME 1
| #define HAVE_SYS_TIME_H 1
| #define HAVE_LIBNCURSES 1
| /* end confdefs.h.  */
| 
| /* Override any gcc2 internal prototype to avoid an error.  */
| #ifdef __cplusplus
| extern "C"
| #endif
| /* We use char because int might match the return type of a gcc2
|    builtin and then its argument prototype would still apply.  */
| char initscr ();
| int
| main ()
| {
| initscr ();
|   ;
|   return 0;
| }
configure:4215: result: no
configure:4328: creating ./config.status

## ---------------------- ##
## Running config.status. ##
## ---------------------- ##

This file was extended by ua.cpp config.status 0.96d, which was
generated by GNU Autoconf 2.59.  Invocation command line was

  CONFIG_FILES    = 
  CONFIG_HEADERS  = 
  CONFIG_LINKS    = 
  CONFIG_COMMANDS = 
  $ ./config.status 

on mini2.lan

config.status:688: creating Makefile.inc
config.status:688: creating qUAck/Makefile
config.status:753: creating config.h

## ---------------- ##
## Cache variables. ##
## ---------------- ##

ac_cv_c_compiler_gnu=yes
ac_cv_cxx_compiler_gnu=yes
ac_cv_env_CC_set=
ac_cv_env_CC_value=
ac_cv_env_CFLAGS_set=
ac_cv_env_CFLAGS_value=
ac_cv_env_CPPFLAGS_set=
ac_cv_env_CPPFLAGS_value=
ac_cv_env_CPP_set=
ac_cv_env_CPP_value=
ac_cv_env_CXXFLAGS_set=
ac_cv_env_CXXFLAGS_value=
ac_cv_env_CXX_set=
ac_cv_env_CXX_value=
ac_cv_env_LDFLAGS_set=
ac_cv_env_LDFLAGS_value=
ac_cv_env_build_alias_set=
ac_cv_env_build_alias_value=
ac_cv_env_host_alias_set=
ac_cv_env_host_alias_value=
ac_cv_env_target_alias_set=
ac_cv_env_target_alias_value=
ac_cv_exeext=
ac_cv_func_getutent=no
ac_cv_func_nanosleep=yes
ac_cv_func_stricmp=no
ac_cv_have_decl_socklen_t=no
ac_cv_header_curses_h=yes
ac_cv_header_inttypes_h=yes
ac_cv_header_memory_h=yes
ac_cv_header_stdc=yes
ac_cv_header_stdint_h=yes
ac_cv_header_stdlib_h=yes
ac_cv_header_string_h=yes
ac_cv_header_strings_h=yes
ac_cv_header_sys_stat_h=yes
ac_cv_header_sys_time_h=yes
ac_cv_header_sys_types_h=yes
ac_cv_header_time=yes
ac_cv_header_unistd_h=yes
ac_cv_lib_ncurses_initscr=yes
ac_cv_lib_ncursesw_initscr=no
ac_cv_objext=o
ac_cv_prog_CPP='gcc -E'
ac_cv_prog_ac_ct_CC=gcc
ac_cv_prog_ac_ct_CXX=g++
ac_cv_prog_cc_g=yes
ac_cv_prog_cc_stdc=
ac_cv_prog_cxx_g=yes
ac_cv_prog_egrep='grep -E'
ac_cv_prog_make_make_set=yes

## ----------------- ##
## Output variables. ##
## ----------------- ##

CC='gcc'
CFLAGS='-g -O2'
CPP='gcc -E'
CPPFLAGS=''
CXX='g++'
CXXFLAGS='-g -O2'
DEFS='-DHAVE_CONFIG_H'
ECHO_C='ECHO_N=''
ECHO_T=''
EGREP='grep -E'
EXEEXT=''
LDFLAGS=''
LD_CRYPTO=''
LD_SSL=''
LIBOBJS=''
LIBS='-lncurses '
LTLIBOBJS=''
OBJEXT='o'
PACKAGE_BUGREPORT=''
PACKAGE_NAME='ua.cpp'
PACKAGE_STRING='ua.cpp 0.96d'
PACKAGE_TARNAME='ua-cpp'
PACKAGE_VERSION='0.96d'
PATH_SEPARATOR=':'
SET_MAKE=''
SHELL='/bin/sh'
ac_ct_CC='gcc'
ac_ct_CXX='g++'
bindir='${exec_prefix}/bin'
build_alias=''
datadir='${prefix}/share'
exec_prefix='${prefix}'
host_alias=''
includedir='${prefix}/include'
infodir='${prefix}/info'
is_freebsd=''
libdir='${exec_prefix}/lib'
libexecdir='${exec_prefix}/libexec'
localstatedir='${prefix}/var'
mandir='${prefix}/man'
oldincludedir='/usr/include'
prefix='/usr/local'
program_transform_name='s,x,x,'
sbindir='${exec_prefix}/sbin'
sharedstatedir='${prefix}/com'
sysconfdir='${prefix}/etc'
target_alias=''

## ----------- ##
## confdefs.h. ##
## ----------- ##

#define HAVE_CURSES_H 1
#define HAVE_INTTYPES_H 1
#define HAVE_LIBNCURSES 1
#define HAVE_MEMORY_H 1
#define HAVE_STDINT_H 1
#define HAVE_STDLIB_H 1
#define HAVE_STRINGS_H 1
#define HAVE_STRING_H 1
#define HAVE_SYS_STAT_H 1
#define HAVE_SYS_TIME_H 1
#define HAVE_SYS_TYPES_H 1
#define HAVE_UNISTD_H 1
#define PACKAGE_BUGREPORT ""
#define PACKAGE_NAME "ua.cpp"
#define PACKAGE_STRING "ua.cpp 0.96d"
#define PACKAGE_TARNAME "ua-cpp"
#define PACKAGE_VERSION "0.96d"
#define STDC_HEADERS 1
#define TIME_WITH_SYS_TIME 1
#endif
#ifdef __cplusplus
extern "C" void exit (int);

configure: exit 0
